[LOG] 后端日志文件：D:\research_code\zhuang-ui-m\runtime\packing-realtime\logs\backend_20260718_093305.log
[LOG] 本次结果将输出到：D:\research_code\zhuang-ui-m\runtime\packing-realtime\exports\ui_packing_plan_20260718_093305.json
[CMD] D:\research_code\zhuang-ui-m\.venvs\packing-realtime\python.exe D:\research_code\zhuang-ui-m\zhuangxiang_code\code\run_packing.py --config D:\research_code\zhuang-ui-m\runtime\packing-realtime\temp\ui_config_normal_20260718_093303.yaml --out D:\research_code\zhuang-ui-m\runtime\packing-realtime\exports\ui_packing_plan_20260718_093305.json
已加载约束配置：D:\research_code\zhuang-ui-m\runtime\packing-realtime\temp\ui_config_normal_20260718_093303.yaml
load D:\research_code\zhuang-ui-m\.venvs\packing-realtime\Lib\site-packages\ortools\.libs\zlib1.dll...
load D:\research_code\zhuang-ui-m\.venvs\packing-realtime\Lib\site-packages\ortools\.libs\abseil_dll.dll...
load D:\research_code\zhuang-ui-m\.venvs\packing-realtime\Lib\site-packages\ortools\.libs\utf8_validity.dll...
load D:\research_code\zhuang-ui-m\.venvs\packing-realtime\Lib\site-packages\ortools\.libs\re2.dll...
load D:\research_code\zhuang-ui-m\.venvs\packing-realtime\Lib\site-packages\ortools\.libs\libprotobuf.dll...
load D:\research_code\zhuang-ui-m\.venvs\packing-realtime\Lib\site-packages\ortools\.libs\highs.dll...
load D:\research_code\zhuang-ui-m\.venvs\packing-realtime\Lib\site-packages\ortools\.libs\ortools.dll...
已加载配置数据集：D:\research_code\zhuang-ui-m\zhuangxiang_code\data\ui_inputs\20260718_093302_selected_5000_boxes_6_4_with_total_weight.xlsx
检测到小箱子体积阈值: 22260000.00 mm^3
小箱子数量: 446，非小箱子数量: 4554
数据预处理和箱子分组完成（按托盘类型+销售订单号）。
----------------------------------------
  - 组内子聚类：1 个混合订单拆出规则子集走 GCP、杂箱走 baseline。
正在处理托盘类型：MH423C，销售订单号：PAIN25450MN01S
  - 该分组不适合列式（多非满柱）→ 回退 beam + 配方优先。
  - 配方优先[fast]：规划 35 实例，实装成功 24，失败回兜底 11；达标 31，直接采用配方方案（基线未跑，--safe 可审计对比）。
  - 指数诊断：箱子 2280 个，总指数 12592.5，目标 192，理论最多达标托盘 65 个，剩余指数 112.5。
  - 几何诊断：典型整层堆叠单盘参考上限 238/192。
  - 指数互换救援：成功盘↔失败盘互换 1 次，新增达标 1（组内富余指数 112.5）。
  - 失败托盘互借诊断：未合并（aborted_no_improvement_possible）。
  - 指数再分配诊断：未接受（extraction_below_baseline）。
托盘类型 MH423C（销售订单号：PAIN25450MN01S）处理完成：总托盘 73，指数达标 34，未达标 39，平均缺口 38.97，最大缺口 164.00，失败托盘互借修复成功 2。
  - KPI：near/mid/deep=1/15/23，救回率=5.13%，pair效率=0.00%。
  - 耗时拆解：packing=56.44s，main_topup=3.55s，retry=8.04s，failed_pool=164.24s，repack=486.76s，total=554.88s。
正在处理托盘类型：MH423C，销售订单号：LAID15455DN01S
  - 该分组不适合列式（多非满柱）→ 回退 beam + 配方优先。
  - 配方优先[fast]：规划 7 实例，实装成功 0，配方路径不可用 → 采用基线方案。
  - 指数诊断：箱子 540 个，总指数 2695，目标 192，理论最多达标托盘 14 个，剩余指数 7。
  - 几何诊断：典型整层堆叠单盘参考上限 190/192。 当前目标可能受托盘高度/箱型组合限制。
  - 几何不可达标记：典型整层上限 190 < 目标 192，救援优先压缩托盘数和填充率。
  - 失败托盘互借诊断：未合并（aborted_no_improvement_possible）。
  - 指数再分配诊断：未接受（extraction_below_baseline）。
托盘类型 MH423C（销售订单号：LAID15455DN01S）处理完成：总托盘 18，指数达标 2，未达标 16，平均缺口 48.50，最大缺口 164.00，失败托盘互借修复成功 0。
  - KPI：near/mid/deep=1/1/14，救回率=0.00%，pair效率=0.00%。
  - 耗时拆解：packing=4.20s，main_topup=0.40s，retry=0.00s，failed_pool=0.00s，repack=22.73s，total=30.26s。
正在处理托盘类型：MH423C，销售订单号：PAIN25450MZ06S
  - 主算法：全局列式装箱 + 柱级组合优化（GCP）。
  - GCP 盘数远超理论（CP-SAT 装不满）→ 回退 baseline beam + 配方优先。
  - 配方优先[fast]：规划 58 实例，实装成功 56，失败回兜底 2；达标 57，直接采用配方方案（基线未跑，--safe 可审计对比）。
  - 指数诊断：箱子 2083 个，总指数 11299，目标 192，理论最多达标托盘 58 个，剩余指数 163。
  - 几何诊断：典型整层堆叠单盘参考上限 192/192。
  - 失败托盘互借诊断：未合并（aborted_no_improvement_possible）。
托盘类型 MH423C（销售订单号：PAIN25450MZ06S）处理完成：总托盘 60，指数达标 57，未达标 3，平均缺口 73.67，最大缺口 155.00，失败托盘互借修复成功 0。
  - KPI：near/mid/deep=0/0/3，救回率=0.00%，pair效率=0.00%。
  - 耗时拆解：packing=10.20s，main_topup=0.10s，retry=0.00s，failed_pool=7.64s，repack=19.20s，total=67.38s。
正在处理托盘类型：MH423C，销售订单号：PAIN25450MZ06S__SPLITREST__
  - 该分组不适合列式（多非满柱）→ 回退 beam + 配方优先。
  - 配方优先[fast]：规划 0 实例，实装成功 0，配方路径不可用 → 采用基线方案。
  - 指数诊断：箱子 97 个，总指数 716，目标 192，理论最多达标托盘 3 个，剩余指数 140。
  - 几何诊断：典型整层堆叠单盘参考上限 108/192。 当前目标可能受托盘高度/箱型组合限制。
  - 几何不可达标记：典型整层上限 108 < 目标 192，救援优先压缩托盘数和填充率。
  - 失败托盘互借诊断：未合并（aborted_no_improvement_possible）。
托盘类型 MH423C（销售订单号：PAIN25450MZ06S__SPLITREST__）处理完成：总托盘 6，指数达标 0，未达标 6，平均缺口 72.67，最大缺口 136.00，失败托盘互借修复成功 0。
  - KPI：near/mid/deep=0/0/6，救回率=0.00%，pair效率=0.00%。
  - 耗时拆解：packing=0.54s，main_topup=0.00s，retry=0.00s，failed_pool=0.00s，repack=1.00s，total=1.54s。
========================================
统计汇总：总托盘 157，指数达标 93，未达标 64，未知 0，平均缺口 46.14，最大缺口 164.00，失败托盘互借修复成功 2
KPI汇总：near/mid/deep=2/16/46，pair尝试=0，pair改进=0，pair效率=0.00%
耗时汇总：packing=71.37s，main_topup=4.05s，retry=8.04s，repack=529.69s，end_to_end=657.05s
========================================
========================================
最终装箱方案已保存至：D:\research_code\zhuang-ui-m\zhuangxiang_code\output\packing_plan_20260718_094403.json
托盘统计Excel已保存至：D:\research_code\zhuang-ui-m\zhuangxiang_code\output\packing_plan_summary_20260718_094403.xlsx
========================================
算法总运行时间：657.05 秒
========================================
方案另存为: D:\research_code\zhuang-ui-m\runtime\packing-realtime\exports\ui_packing_plan_20260718_093305.json
