[LOG] 后端日志文件：D:\research_code\zhuang-ui-m\runtime\packing-realtime\logs\backend_20260718_000300.log
[LOG] 本次结果将输出到：D:\research_code\zhuang-ui-m\runtime\packing-realtime\exports\ui_packing_plan_20260718_000300.json
[CMD] D:\research_code\zhuang-ui-m\.venvs\packing-realtime\python.exe D:\research_code\zhuang-ui-m\zhuangxiang_code\code\run_packing.py --config D:\research_code\zhuang-ui-m\runtime\packing-realtime\temp\ui_config_normal_20260718_000259.yaml --out D:\research_code\zhuang-ui-m\runtime\packing-realtime\exports\ui_packing_plan_20260718_000300.json
已加载约束配置：D:\research_code\zhuang-ui-m\runtime\packing-realtime\temp\ui_config_normal_20260718_000259.yaml
load D:\research_code\zhuang-ui-m\.venvs\packing-realtime\Lib\site-packages\ortools\.libs\zlib1.dll...
load D:\research_code\zhuang-ui-m\.venvs\packing-realtime\Lib\site-packages\ortools\.libs\abseil_dll.dll...
load D:\research_code\zhuang-ui-m\.venvs\packing-realtime\Lib\site-packages\ortools\.libs\utf8_validity.dll...
load D:\research_code\zhuang-ui-m\.venvs\packing-realtime\Lib\site-packages\ortools\.libs\re2.dll...
load D:\research_code\zhuang-ui-m\.venvs\packing-realtime\Lib\site-packages\ortools\.libs\libprotobuf.dll...
load D:\research_code\zhuang-ui-m\.venvs\packing-realtime\Lib\site-packages\ortools\.libs\highs.dll...
load D:\research_code\zhuang-ui-m\.venvs\packing-realtime\Lib\site-packages\ortools\.libs\ortools.dll...
已加载配置数据集：D:\research_code\zhuang-ui-m\zhuangxiang_code\data\ui_inputs\20260718_000259_selected_5000_boxes_6_4_with_total_weight.xlsx
检测到小箱子体积阈值: 22260000.00 mm^3
小箱子数量: 446，非小箱子数量: 4554
数据预处理和箱子分组完成（按托盘类型+销售订单号）。
----------------------------------------
  - 组内子聚类：1 个混合订单拆出规则子集走 GCP、杂箱走 baseline。
正在处理托盘类型：MH423C，销售订单号：LAID15455BN01S
  - 该分组不适合列式（多非满柱）→ 回退 beam + 配方优先。
  - 配方优先[fast]：规划 0 实例，实装成功 0，配方路径不可用 → 采用基线方案。
  - 指数诊断：箱子 39 个，总指数 147，目标 192，理论最多达标托盘 0 个，剩余指数 147。
  - 几何诊断：典型整层堆叠单盘参考上限 90/192。 当前目标可能受托盘高度/箱型组合限制。
  - 几何不可达标记：典型整层上限 90 < 目标 192，救援优先压缩托盘数和填充率。
  - 失败托盘互借诊断：未合并（aborted_no_improvement_possible）。
托盘类型 MH423C（销售订单号：LAID15455BN01S）处理完成：总托盘 3，指数达标 0，未达标 3，平均缺口 143.00，最大缺口 161.00，失败托盘互借修复成功 0。
  - KPI：near/mid/deep=0/0/3，救回率=0.00%，pair效率=0.00%。
  - 耗时拆解：packing=0.25s，main_topup=0.00s，retry=0.00s，failed_pool=0.00s，repack=3.48s，total=4.30s。
正在处理托盘类型：MH423C，销售订单号：LAID15455BN02S
  - 该分组不适合列式（多非满柱）→ 回退 beam + 配方优先。
  - 配方优先[fast]：规划 0 实例，实装成功 0，配方路径不可用 → 采用基线方案。
  - 指数诊断：箱子 39 个，总指数 147，目标 192，理论最多达标托盘 0 个，剩余指数 147。
  - 几何诊断：典型整层堆叠单盘参考上限 90/192。 当前目标可能受托盘高度/箱型组合限制。
  - 几何不可达标记：典型整层上限 90 < 目标 192，救援优先压缩托盘数和填充率。
  - 失败托盘互借诊断：未合并（aborted_no_improvement_possible）。
托盘类型 MH423C（销售订单号：LAID15455BN02S）处理完成：总托盘 3，指数达标 0，未达标 3，平均缺口 143.00，最大缺口 161.00，失败托盘互借修复成功 0。
  - KPI：near/mid/deep=0/0/3，救回率=0.00%，pair效率=0.00%。
  - 耗时拆解：packing=0.24s，main_topup=0.00s，retry=0.00s，failed_pool=0.00s，repack=3.48s，total=4.29s。
正在处理托盘类型：MH423C，销售订单号：LAID15455BN03S
  - 该分组不适合列式（多非满柱）→ 回退 beam + 配方优先。
  - 配方优先[fast]：规划 0 实例，实装成功 0，配方路径不可用 → 采用基线方案。
  - 指数诊断：箱子 39 个，总指数 147，目标 192，理论最多达标托盘 0 个，剩余指数 147。
  - 几何诊断：典型整层堆叠单盘参考上限 90/192。 当前目标可能受托盘高度/箱型组合限制。
  - 几何不可达标记：典型整层上限 90 < 目标 192，救援优先压缩托盘数和填充率。
  - 失败托盘互借诊断：未合并（aborted_no_improvement_possible）。
托盘类型 MH423C（销售订单号：LAID15455BN03S）处理完成：总托盘 3，指数达标 0，未达标 3，平均缺口 143.00，最大缺口 161.00，失败托盘互借修复成功 0。
  - KPI：near/mid/deep=0/0/3，救回率=0.00%，pair效率=0.00%。
  - 耗时拆解：packing=0.24s，main_topup=0.00s，retry=0.00s，failed_pool=0.00s，repack=3.47s，total=4.28s。
正在处理托盘类型：MH423C，销售订单号：LAID15455BN04S
  - 该分组不适合列式（多非满柱）→ 回退 beam + 配方优先。
  - 配方优先[fast]：规划 0 实例，实装成功 0，配方路径不可用 → 采用基线方案。
  - 指数诊断：箱子 39 个，总指数 147，目标 192，理论最多达标托盘 0 个，剩余指数 147。
  - 几何诊断：典型整层堆叠单盘参考上限 90/192。 当前目标可能受托盘高度/箱型组合限制。
  - 几何不可达标记：典型整层上限 90 < 目标 192，救援优先压缩托盘数和填充率。
  - 失败托盘互借诊断：未合并（aborted_no_improvement_possible）。
托盘类型 MH423C（销售订单号：LAID15455BN04S）处理完成：总托盘 3，指数达标 0，未达标 3，平均缺口 143.00，最大缺口 161.00，失败托盘互借修复成功 0。
  - KPI：near/mid/deep=0/0/3，救回率=0.00%，pair效率=0.00%。
  - 耗时拆解：packing=0.25s，main_topup=0.00s，retry=0.00s，failed_pool=0.00s，repack=1.70s，total=2.52s。
正在处理托盘类型：MH423C，销售订单号：LAID15455BN05S
  - 该分组不适合列式（多非满柱）→ 回退 beam + 配方优先。
  - 配方优先[fast]：规划 0 实例，实装成功 0，配方路径不可用 → 采用基线方案。
  - 指数诊断：箱子 39 个，总指数 147，目标 192，理论最多达标托盘 0 个，剩余指数 147。
  - 几何诊断：典型整层堆叠单盘参考上限 90/192。 当前目标可能受托盘高度/箱型组合限制。
  - 几何不可达标记：典型整层上限 90 < 目标 192，救援优先压缩托盘数和填充率。
  - 失败托盘互借诊断：未合并（aborted_no_improvement_possible）。
托盘类型 MH423C（销售订单号：LAID15455BN05S）处理完成：总托盘 3，指数达标 0，未达标 3，平均缺口 143.00，最大缺口 161.00，失败托盘互借修复成功 0。
  - KPI：near/mid/deep=0/0/3，救回率=0.00%，pair效率=0.00%。
  - 耗时拆解：packing=0.24s，main_topup=0.00s，retry=0.00s，failed_pool=0.00s，repack=3.47s，total=4.28s。
正在处理托盘类型：MH423C，销售订单号：LAID15455DN01S
  - 该分组不适合列式（多非满柱）→ 回退 beam + 配方优先。
  - 配方优先[fast]：规划 1 实例，实装成功 0，配方路径不可用 → 采用基线方案。
  - 指数诊断：箱子 108 个，总指数 539，目标 192，理论最多达标托盘 2 个，剩余指数 155。
  - 几何诊断：典型整层堆叠单盘参考上限 176/192。 当前目标可能受托盘高度/箱型组合限制。
  - 几何不可达标记：典型整层上限 176 < 目标 192，救援优先压缩托盘数和填充率。
  - 失败托盘互借诊断：未合并（aborted_no_improvement_possible）。
托盘类型 MH423C（销售订单号：LAID15455DN01S）处理完成：总托盘 5，指数达标 0，未达标 5，平均缺口 84.20，最大缺口 189.00，失败托盘互借修复成功 0。
  - KPI：near/mid/deep=0/1/4，救回率=0.00%，pair效率=0.00%。
  - 耗时拆解：packing=1.02s，main_topup=0.02s，retry=0.00s，failed_pool=0.00s，repack=4.28s，total=5.49s。
正在处理托盘类型：MH423C，销售订单号：LAID15455DN02S
  - 该分组不适合列式（多非满柱）→ 回退 beam + 配方优先。
  - 配方优先[fast]：规划 1 实例，实装成功 0，配方路径不可用 → 采用基线方案。
  - 指数诊断：箱子 108 个，总指数 539，目标 192，理论最多达标托盘 2 个，剩余指数 155。
  - 几何诊断：典型整层堆叠单盘参考上限 176/192。 当前目标可能受托盘高度/箱型组合限制。
  - 几何不可达标记：典型整层上限 176 < 目标 192，救援优先压缩托盘数和填充率。
  - 失败托盘互借诊断：未合并（aborted_no_improvement_possible）。
托盘类型 MH423C（销售订单号：LAID15455DN02S）处理完成：总托盘 5，指数达标 0，未达标 5，平均缺口 84.20，最大缺口 189.00，失败托盘互借修复成功 0。
  - KPI：near/mid/deep=0/1/4，救回率=0.00%，pair效率=0.00%。
  - 耗时拆解：packing=1.03s，main_topup=0.01s，retry=0.00s，failed_pool=0.00s，repack=3.91s，total=5.12s。
正在处理托盘类型：MH423C，销售订单号：LAID15455DN03S
  - 该分组不适合列式（多非满柱）→ 回退 beam + 配方优先。
  - 配方优先[fast]：规划 1 实例，实装成功 0，配方路径不可用 → 采用基线方案。
  - 指数诊断：箱子 108 个，总指数 539，目标 192，理论最多达标托盘 2 个，剩余指数 155。
  - 几何诊断：典型整层堆叠单盘参考上限 176/192。 当前目标可能受托盘高度/箱型组合限制。
  - 几何不可达标记：典型整层上限 176 < 目标 192，救援优先压缩托盘数和填充率。
  - 失败托盘互借诊断：未合并（aborted_no_improvement_possible）。
托盘类型 MH423C（销售订单号：LAID15455DN03S）处理完成：总托盘 5，指数达标 0，未达标 5，平均缺口 84.20，最大缺口 189.00，失败托盘互借修复成功 0。
  - KPI：near/mid/deep=0/1/4，救回率=0.00%，pair效率=0.00%。
  - 耗时拆解：packing=1.03s，main_topup=0.01s，retry=0.00s，failed_pool=0.00s，repack=4.85s，total=6.07s。
正在处理托盘类型：MH423C，销售订单号：LAID15455DN04S
  - 该分组不适合列式（多非满柱）→ 回退 beam + 配方优先。
  - 配方优先[fast]：规划 1 实例，实装成功 0，配方路径不可用 → 采用基线方案。
  - 指数诊断：箱子 108 个，总指数 539，目标 192，理论最多达标托盘 2 个，剩余指数 155。
  - 几何诊断：典型整层堆叠单盘参考上限 176/192。 当前目标可能受托盘高度/箱型组合限制。
  - 几何不可达标记：典型整层上限 176 < 目标 192，救援优先压缩托盘数和填充率。
  - 失败托盘互借诊断：未合并（aborted_no_improvement_possible）。
托盘类型 MH423C（销售订单号：LAID15455DN04S）处理完成：总托盘 5，指数达标 0，未达标 5，平均缺口 84.20，最大缺口 189.00，失败托盘互借修复成功 0。
  - KPI：near/mid/deep=0/1/4，救回率=0.00%，pair效率=0.00%。
  - 耗时拆解：packing=1.03s，main_topup=0.02s，retry=0.00s，failed_pool=0.00s，repack=4.67s，total=5.89s。
正在处理托盘类型：MH423C，销售订单号：LAID15455DN05S
  - 该分组不适合列式（多非满柱）→ 回退 beam + 配方优先。
  - 配方优先[fast]：规划 1 实例，实装成功 0，配方路径不可用 → 采用基线方案。
  - 指数诊断：箱子 108 个，总指数 539，目标 192，理论最多达标托盘 2 个，剩余指数 155。
  - 几何诊断：典型整层堆叠单盘参考上限 176/192。 当前目标可能受托盘高度/箱型组合限制。
  - 几何不可达标记：典型整层上限 176 < 目标 192，救援优先压缩托盘数和填充率。
  - 失败托盘互借诊断：未合并（aborted_no_improvement_possible）。
托盘类型 MH423C（销售订单号：LAID15455DN05S）处理完成：总托盘 5，指数达标 0，未达标 5，平均缺口 84.20，最大缺口 189.00，失败托盘互借修复成功 0。
  - KPI：near/mid/deep=0/1/4，救回率=0.00%，pair效率=0.00%。
  - 耗时拆解：packing=1.04s，main_topup=0.02s，retry=0.00s，failed_pool=0.00s，repack=4.70s，total=5.92s。
正在处理托盘类型：MH423C，销售订单号：LAID15455DN06S
  - 该分组不适合列式（多非满柱）→ 回退 beam + 配方优先。
  - 配方优先[fast]：规划 1 实例，实装成功 0，配方路径不可用 → 采用基线方案。
  - 指数诊断：箱子 108 个，总指数 539，目标 192，理论最多达标托盘 2 个，剩余指数 155。
  - 几何诊断：典型整层堆叠单盘参考上限 176/192。 当前目标可能受托盘高度/箱型组合限制。
  - 几何不可达标记：典型整层上限 176 < 目标 192，救援优先压缩托盘数和填充率。
  - 失败托盘互借诊断：未合并（aborted_no_improvement_possible）。
托盘类型 MH423C（销售订单号：LAID15455DN06S）处理完成：总托盘 5，指数达标 0，未达标 5，平均缺口 84.20，最大缺口 189.00，失败托盘互借修复成功 0。
  - KPI：near/mid/deep=0/1/4，救回率=0.00%，pair效率=0.00%。
  - 耗时拆解：packing=1.04s，main_topup=0.01s，retry=0.00s，failed_pool=0.00s，repack=4.06s，total=5.28s。
正在处理托盘类型：MH423C，销售订单号：LAID15455DN07S
  - 该分组不适合列式（多非满柱）→ 回退 beam + 配方优先。
  - 配方优先[fast]：规划 1 实例，实装成功 0，配方路径不可用 → 采用基线方案。
  - 指数诊断：箱子 108 个，总指数 539，目标 192，理论最多达标托盘 2 个，剩余指数 155。
  - 几何诊断：典型整层堆叠单盘参考上限 176/192。 当前目标可能受托盘高度/箱型组合限制。
  - 几何不可达标记：典型整层上限 176 < 目标 192，救援优先压缩托盘数和填充率。
  - 失败托盘互借诊断：未合并（aborted_no_improvement_possible）。
托盘类型 MH423C（销售订单号：LAID15455DN07S）处理完成：总托盘 5，指数达标 0，未达标 5，平均缺口 84.20，最大缺口 189.00，失败托盘互借修复成功 0。
  - KPI：near/mid/deep=0/1/4，救回率=0.00%，pair效率=0.00%。
  - 耗时拆解：packing=1.04s，main_topup=0.01s，retry=0.00s，failed_pool=0.00s，repack=4.25s，total=5.47s。
正在处理托盘类型：MH423C，销售订单号：LAID15455DN08S
  - 该分组不适合列式（多非满柱）→ 回退 beam + 配方优先。
  - 配方优先[fast]：规划 1 实例，实装成功 0，配方路径不可用 → 采用基线方案。
  - 指数诊断：箱子 108 个，总指数 539，目标 192，理论最多达标托盘 2 个，剩余指数 155。
  - 几何诊断：典型整层堆叠单盘参考上限 176/192。 当前目标可能受托盘高度/箱型组合限制。
  - 几何不可达标记：典型整层上限 176 < 目标 192，救援优先压缩托盘数和填充率。
  - 失败托盘互借诊断：未合并（aborted_no_improvement_possible）。
托盘类型 MH423C（销售订单号：LAID15455DN08S）处理完成：总托盘 5，指数达标 0，未达标 5，平均缺口 84.20，最大缺口 189.00，失败托盘互借修复成功 0。
  - KPI：near/mid/deep=0/1/4，救回率=0.00%，pair效率=0.00%。
  - 耗时拆解：packing=1.03s，main_topup=0.01s，retry=0.00s，failed_pool=0.00s，repack=4.16s，total=5.38s。
正在处理托盘类型：MH423C，销售订单号：LAID15455DN09S
  - 该分组不适合列式（多非满柱）→ 回退 beam + 配方优先。
  - 配方优先[fast]：规划 1 实例，实装成功 0，配方路径不可用 → 采用基线方案。
  - 指数诊断：箱子 108 个，总指数 539，目标 192，理论最多达标托盘 2 个，剩余指数 155。
  - 几何诊断：典型整层堆叠单盘参考上限 176/192。 当前目标可能受托盘高度/箱型组合限制。
  - 几何不可达标记：典型整层上限 176 < 目标 192，救援优先压缩托盘数和填充率。
  - 失败托盘互借诊断：未合并（aborted_no_improvement_possible）。
托盘类型 MH423C（销售订单号：LAID15455DN09S）处理完成：总托盘 5，指数达标 0，未达标 5，平均缺口 84.20，最大缺口 189.00，失败托盘互借修复成功 0。
  - KPI：near/mid/deep=0/1/4，救回率=0.00%，pair效率=0.00%。
  - 耗时拆解：packing=1.04s，main_topup=0.02s，retry=0.00s，failed_pool=0.00s，repack=5.14s，total=6.36s。
正在处理托盘类型：MH423C，销售订单号：LAID15455DN10S
  - 该分组不适合列式（多非满柱）→ 回退 beam + 配方优先。
  - 配方优先[fast]：规划 1 实例，实装成功 0，配方路径不可用 → 采用基线方案。
  - 指数诊断：箱子 108 个，总指数 539，目标 192，理论最多达标托盘 2 个，剩余指数 155。
  - 几何诊断：典型整层堆叠单盘参考上限 176/192。 当前目标可能受托盘高度/箱型组合限制。
  - 几何不可达标记：典型整层上限 176 < 目标 192，救援优先压缩托盘数和填充率。
  - 失败托盘互借诊断：未合并（aborted_no_improvement_possible）。
托盘类型 MH423C（销售订单号：LAID15455DN10S）处理完成：总托盘 5，指数达标 0，未达标 5，平均缺口 84.20，最大缺口 189.00，失败托盘互借修复成功 0。
  - KPI：near/mid/deep=0/1/4，救回率=0.00%，pair效率=0.00%。
  - 耗时拆解：packing=1.04s，main_topup=0.02s，retry=0.00s，failed_pool=0.00s，repack=3.64s，total=4.86s。
正在处理托盘类型：MH423C，销售订单号：LAID15455DN11S
  - 该分组不适合列式（多非满柱）→ 回退 beam + 配方优先。
  - 配方优先[fast]：规划 1 实例，实装成功 0，配方路径不可用 → 采用基线方案。
  - 指数诊断：箱子 108 个，总指数 539，目标 192，理论最多达标托盘 2 个，剩余指数 155。
  - 几何诊断：典型整层堆叠单盘参考上限 176/192。 当前目标可能受托盘高度/箱型组合限制。
  - 几何不可达标记：典型整层上限 176 < 目标 192，救援优先压缩托盘数和填充率。
  - 失败托盘互借诊断：未合并（aborted_no_improvement_possible）。
托盘类型 MH423C（销售订单号：LAID15455DN11S）处理完成：总托盘 5，指数达标 0，未达标 5，平均缺口 84.20，最大缺口 189.00，失败托盘互借修复成功 0。
  - KPI：near/mid/deep=0/1/4，救回率=0.00%，pair效率=0.00%。
  - 耗时拆解：packing=1.03s，main_topup=0.01s，retry=0.00s，failed_pool=0.00s，repack=4.03s，total=5.25s。
正在处理托盘类型：MH423C，销售订单号：LAID15455DN12S
  - 该分组不适合列式（多非满柱）→ 回退 beam + 配方优先。
  - 配方优先[fast]：规划 1 实例，实装成功 0，配方路径不可用 → 采用基线方案。
  - 指数诊断：箱子 108 个，总指数 539，目标 192，理论最多达标托盘 2 个，剩余指数 155。
  - 几何诊断：典型整层堆叠单盘参考上限 176/192。 当前目标可能受托盘高度/箱型组合限制。
  - 几何不可达标记：典型整层上限 176 < 目标 192，救援优先压缩托盘数和填充率。
  - 失败托盘互借诊断：未合并（aborted_no_improvement_possible）。
托盘类型 MH423C（销售订单号：LAID15455DN12S）处理完成：总托盘 5，指数达标 0，未达标 5，平均缺口 84.20，最大缺口 189.00，失败托盘互借修复成功 0。
  - KPI：near/mid/deep=0/1/4，救回率=0.00%，pair效率=0.00%。
  - 耗时拆解：packing=1.04s，main_topup=0.02s，retry=0.00s，failed_pool=0.00s，repack=4.27s，total=5.49s。
正在处理托盘类型：MH423C，销售订单号：LAID15455DN13S
  - 该分组不适合列式（多非满柱）→ 回退 beam + 配方优先。
  - 配方优先[fast]：规划 0 实例，实装成功 0，配方路径不可用 → 采用基线方案。
  - 指数诊断：箱子 47 个，总指数 315，目标 192，理论最多达标托盘 1 个，剩余指数 123。
  - 几何诊断：典型整层堆叠单盘参考上限 134/192。 当前目标可能受托盘高度/箱型组合限制。
  - 几何不可达标记：典型整层上限 134 < 目标 192，救援优先压缩托盘数和填充率。
  - 失败托盘互借诊断：未合并（aborted_no_improvement_possible）。
托盘类型 MH423C（销售订单号：LAID15455DN13S）处理完成：总托盘 3，指数达标 0，未达标 3，平均缺口 87.00，最大缺口 173.00，失败托盘互借修复成功 0。
  - KPI：near/mid/deep=0/0/3，救回率=0.00%，pair效率=0.00%。
  - 耗时拆解：packing=0.17s，main_topup=0.00s，retry=0.00s，failed_pool=0.00s，repack=0.41s，total=0.59s。
正在处理托盘类型：MH423C，销售订单号：PAIN25450MN01S
  - 该分组不适合列式（多非满柱）→ 回退 beam + 配方优先。
  - 配方优先[fast]：规划 30 实例，实装成功 19，失败回兜底 11；达标 23，直接采用配方方案（基线未跑，--safe 可审计对比）。
  - 指数诊断：箱子 1282 个，总指数 7769.5，目标 192，理论最多达标托盘 40 个，剩余指数 89.5。
  - 几何诊断：典型整层堆叠单盘参考上限 238/192。
  - 失败托盘互借修复（凑标提交）：新增达标 4，受影响 14 盘重排为 14 盘（其余失败盘未动），耗时 21.4s。
  - 失败托盘互借修复：18 盘(平均填充 64%) 合并重装为 17 盘(平均填充 67%)，新增达标 0，耗时 27.0s。
  - 指数再分配：18 盘（含溶解低填充达标盘 1）(平均填充 68%) 合并重装为 19 盘(平均填充 64%)，新增达标 1，耗时 28.2s。
  - 失败盘装满压实：合并/吸收 1 次（纯减盘数）。
托盘类型 MH423C（销售订单号：PAIN25450MN01S）处理完成：总托盘 44，指数达标 28，未达标 16，平均缺口 42.41，最大缺口 70.00，失败托盘互借修复成功 5。
  - KPI：near/mid/deep=0/3/13，救回率=31.25%，pair效率=0.00%。
  - 耗时拆解：packing=23.20s，main_topup=1.04s，retry=4.88s，failed_pool=0.64s，repack=83.66s，total=112.83s。
正在处理托盘类型：MH423C，销售订单号：PAIN25450MZ06S
  - 主算法：全局列式装箱 + 柱级组合优化（GCP）。
  - GCP 盘数远超理论（CP-SAT 装不满）→ 回退 baseline beam + 配方优先。
  - 配方优先[fast]：规划 58 实例，实装成功 56，失败回兜底 2；达标 57，直接采用配方方案（基线未跑，--safe 可审计对比）。
  - 指数诊断：箱子 2083 个，总指数 11299，目标 192，理论最多达标托盘 58 个，剩余指数 163。
  - 几何诊断：典型整层堆叠单盘参考上限 192/192。
  - 失败托盘互借诊断：未合并（aborted_no_improvement_possible）。
托盘类型 MH423C（销售订单号：PAIN25450MZ06S）处理完成：总托盘 60，指数达标 57，未达标 3，平均缺口 73.67，最大缺口 155.00，失败托盘互借修复成功 0。
  - KPI：near/mid/deep=0/0/3，救回率=0.00%，pair效率=0.00%。
  - 耗时拆解：packing=9.99s，main_topup=0.10s，retry=0.00s，failed_pool=7.47s，repack=18.77s，total=67.19s。
正在处理托盘类型：MH423C，销售订单号：PAIN25450MZ06S__SPLITREST__
  - 该分组不适合列式（多非满柱）→ 回退 beam + 配方优先。
  - 配方优先[fast]：规划 0 实例，实装成功 0，配方路径不可用 → 采用基线方案。
  - 指数诊断：箱子 97 个，总指数 716，目标 192，理论最多达标托盘 3 个，剩余指数 140。
  - 几何诊断：典型整层堆叠单盘参考上限 108/192。 当前目标可能受托盘高度/箱型组合限制。
  - 几何不可达标记：典型整层上限 108 < 目标 192，救援优先压缩托盘数和填充率。
  - 失败托盘互借诊断：未合并（aborted_no_improvement_possible）。
托盘类型 MH423C（销售订单号：PAIN25450MZ06S__SPLITREST__）处理完成：总托盘 6，指数达标 0，未达标 6，平均缺口 72.67，最大缺口 136.00，失败托盘互借修复成功 0。
  - KPI：near/mid/deep=0/0/6，救回率=0.00%，pair效率=0.00%。
  - 耗时拆解：packing=0.51s，main_topup=0.01s，retry=0.00s，failed_pool=0.00s，repack=0.97s，total=1.49s。
========================================
统计汇总：总托盘 188，指数达标 85，未达标 103，未知 0，平均缺口 85.37，最大缺口 189.00，失败托盘互借修复成功 5
KPI汇总：near/mid/deep=0/15/88，pair尝试=0，pair改进=0，pair效率=0.00%
耗时汇总：packing=47.53s，main_topup=1.35s，retry=4.88s，repack=171.39s，end_to_end=271.25s
========================================
========================================
最终装箱方案已保存至：D:\research_code\zhuang-ui-m\zhuangxiang_code\output\packing_plan_20260718_000732.json
托盘统计Excel已保存至：D:\research_code\zhuang-ui-m\zhuangxiang_code\output\packing_plan_summary_20260718_000732.xlsx
========================================
算法总运行时间：271.25 秒
========================================
方案另存为: D:\research_code\zhuang-ui-m\runtime\packing-realtime\exports\ui_packing_plan_20260718_000300.json
