[LOG] 后端日志文件：E:\research_code\zhuang-ui\runtime\packing-realtime\logs\backend_20260702_091446.log
[LOG] 本次结果将输出到：E:\research_code\zhuang-ui\runtime\packing-realtime\exports\ui_packing_plan_20260702_091446.json
[CMD] E:\research_code\zhuang-ui\.venvs\packing-realtime\Scripts\python.exe E:\research_code\zhuang-ui\zhuangxiang_code\code\run_packing.py --config E:\research_code\zhuang-ui\runtime\packing-realtime\temp\ui_config_incremental_20260702_091446.yaml --out E:\research_code\zhuang-ui\runtime\packing-realtime\exports\ui_packing_plan_20260702_091446.json
已加载约束配置：E:\research_code\zhuang-ui\runtime\packing-realtime\temp\ui_config_incremental_20260702_091446.yaml
已启用增量模式，数据文件：E:\research_code\zhuang-ui\zhuangxiang_code\data\ui_inputs\20260702_091445_selected_6000_boxes_9_1_concentrated_3orders.xlsx
数据预处理和箱子分组完成（按托盘类型+销售订单号）。
----------------------------------------
正在处理托盘类型：MH423C，销售订单号：PAIN25450MN01S
  - 该分组不适合列式（多非满柱）→ 回退 beam + 配方优先。
  - 托盘 MH423C-PAIN25450MN01S-25 未找到可行装箱方案，启用剩余箱子守恒兜底。
  - 配方优先[fast]：规划 83 实例，实装成功 78，失败回兜底 5；达标 80，直接采用配方方案（基线未跑，--safe 可审计对比）。
  - 指数诊断：箱子 3040 个，总指数 18184.5，目标 192，理论最多达标托盘 94 个，剩余指数 136.5。
  - 几何诊断：典型整层堆叠单盘参考上限 238/192。
  - 失败托盘互借诊断：跳过高耗时互借重打包。分层 near/mid/deep=1/1/21，默认仅执行低成本局部补洞和快速补齐。
托盘类型 MH423C（销售订单号：PAIN25450MN01S）处理完成：总托盘 103，指数达标 80，未达标 23，平均缺口 69.67，最大缺口 168.00，失败托盘互借修复成功 0。
  - KPI：near/mid/deep=1/1/21，救回率=0.00%，pair效率=0.00%。
  - 耗时拆解：packing=45.66s，main_topup=6.98s，retry=9.18s，failed_pool=1.51s，repack=3.87s，total=65.77s。
正在处理托盘类型：MH423C，销售订单号：PAIN25450MZ06S
  - 该分组不适合列式（多非满柱）→ 回退 beam + 配方优先。
  - 配方优先[fast]：规划 13 实例，实装成功 13，失败回兜底 0；达标 13，直接采用配方方案（基线未跑，--safe 可审计对比）。
  - 指数诊断：箱子 640 个，总指数 4062，目标 192，理论最多达标托盘 21 个，剩余指数 30。
  - 几何诊断：典型整层堆叠单盘参考上限 192/192。
  - 失败托盘互借诊断：跳过高耗时互借重打包。分层 near/mid/deep=0/0/14，默认仅执行低成本局部补洞和快速补齐。
托盘类型 MH423C（销售订单号：PAIN25450MZ06S）处理完成：总托盘 27，指数达标 13，未达标 14，平均缺口 80.14，最大缺口 162.00，失败托盘互借修复成功 0。
  - KPI：near/mid/deep=0/0/14，救回率=0.00%，pair效率=0.00%。
  - 耗时拆解：packing=3.57s，main_topup=0.99s，retry=0.00s，failed_pool=0.38s，repack=0.99s，total=5.56s。
正在处理托盘类型：MH423C，销售订单号：PAIN25460MN01S
  - 该分组不适合列式（多非满柱）→ 回退 beam + 配方优先。
  - 配方优先[fast]：规划 48 实例，实装成功 47，失败回兜底 1；达标 47，直接采用配方方案（基线未跑，--safe 可审计对比）。
  - 指数诊断：箱子 1320 个，总指数 9771，目标 192，理论最多达标托盘 50 个，剩余指数 171。
  - 几何诊断：典型整层堆叠单盘参考上限 192/192。
  - 失败托盘互借诊断：跳过高耗时互借重打包。分层 near/mid/deep=1/2/2，默认仅执行低成本局部补洞和快速补齐。
托盘类型 MH423C（销售订单号：PAIN25460MN01S）处理完成：总托盘 52，指数达标 47，未达标 5，平均缺口 42.60，最大缺口 128.00，失败托盘互借修复成功 0。
  - KPI：near/mid/deep=1/2/2，救回率=0.00%，pair效率=0.00%。
  - 耗时拆解：packing=7.21s，main_topup=0.12s，retry=0.00s，failed_pool=1.49s，repack=1.94s，total=9.28s。
========================================
统计汇总：总托盘 182，指数达标 140，未达标 42，未知 0，平均缺口 69.94，最大缺口 168.00，失败托盘互借修复成功 0
KPI汇总：near/mid/deep=2/3/37，pair尝试=0，pair改进=0，pair效率=0.00%
耗时汇总：packing=56.43s，main_topup=8.09s，retry=9.18s，repack=6.80s，end_to_end=80.68s
========================================
数据预处理和箱子分组完成（按托盘类型+销售订单号）。
----------------------------------------
正在处理托盘类型：MH423C，销售订单号：PAIN25450MN01S
  - 该分组不适合列式（多非满柱）→ 回退 beam + 配方优先。
  - 配方优先[fast]：规划 12 实例，实装成功 9，失败回兜底 3；达标 11，直接采用配方方案（基线未跑，--safe 可审计对比）。
  - 指数诊断：箱子 894 个，总指数 4750，目标 192，理论最多达标托盘 24 个，剩余指数 142。
  - 几何诊断：典型整层堆叠单盘参考上限 192/192。
  - 失败托盘互借诊断：跳过高耗时互借重打包。分层 near/mid/deep=1/1/20，默认仅执行低成本局部补洞和快速补齐。
托盘类型 MH423C（销售订单号：PAIN25450MN01S）处理完成：总托盘 33，指数达标 11，未达标 22，平均缺口 72.09，最大缺口 180.00，失败托盘互借修复成功 0。
  - KPI：near/mid/deep=1/1/20，救回率=0.00%，pair效率=0.00%。
  - 耗时拆解：packing=26.48s，main_topup=5.83s，retry=9.59s，failed_pool=1.27s，repack=2.91s，total=44.86s。
正在处理托盘类型：MH423C，销售订单号：PAIN25450MZ06S
  - 该分组不适合列式（多非满柱）→ 回退 beam + 配方优先。
  - 配方优先[fast]：规划 14 实例，实装成功 14，失败回兜底 0；达标 14，直接采用配方方案（基线未跑，--safe 可审计对比）。
  - 指数诊断：箱子 517 个，总指数 3238，目标 192，理论最多达标托盘 16 个，剩余指数 166。
  - 几何诊断：典型整层堆叠单盘参考上限 192/192。
  - 失败托盘互借诊断：跳过高耗时互借重打包。分层 near/mid/deep=0/0/8，默认仅执行低成本局部补洞和快速补齐。
托盘类型 MH423C（销售订单号：PAIN25450MZ06S）处理完成：总托盘 22，指数达标 14，未达标 8，平均缺口 123.25，最大缺口 153.00，失败托盘互借修复成功 0。
  - KPI：near/mid/deep=0/0/8，救回率=0.00%，pair效率=0.00%。
  - 耗时拆解：packing=5.27s，main_topup=3.07s，retry=0.00s，failed_pool=5.91s，repack=5.92s，total=14.27s。
正在处理托盘类型：MH423C，销售订单号：PAIN25460MN01S
  - 该分组不适合列式（多非满柱）→ 回退 beam + 配方优先。
  - 配方优先[fast]：规划 8 实例，实装成功 8，失败回兜底 0；达标 8，直接采用配方方案（基线未跑，--safe 可审计对比）。
  - 指数诊断：箱子 469 个，总指数 5339，目标 192，理论最多达标托盘 27 个，剩余指数 155。
  - 几何诊断：典型整层堆叠单盘参考上限 192/192。
  - 失败托盘互借诊断：跳过高耗时互借重打包。分层 near/mid/deep=10/1/14，默认仅执行低成本局部补洞和快速补齐。
托盘类型 MH423C（销售订单号：PAIN25460MN01S）处理完成：总托盘 33，指数达标 8，未达标 25，平均缺口 39.88，最大缺口 80.00，失败托盘互借修复成功 0。
  - KPI：near/mid/deep=10/1/14，救回率=0.00%，pair效率=0.00%。
  - 耗时拆解：packing=5.92s，main_topup=1.33s，retry=0.00s，failed_pool=0.81s，repack=3.37s，total=10.65s。
========================================
统计汇总：总托盘 88，指数达标 33，未达标 55，未知 0，平均缺口 64.89，最大缺口 180.00，失败托盘互借修复成功 0
KPI汇总：near/mid/deep=11/2/42，pair尝试=0，pair改进=0，pair效率=0.00%
耗时汇总：packing=37.66s，main_topup=10.23s，retry=9.59s，repack=12.21s，end_to_end=69.79s
========================================
增量装箱完成：初始 5000 箱 + 新增 1000 箱 → 总托盘 228，达标 173，未达标 55，用时 151.97s。
方案另存为: E:\research_code\zhuang-ui\runtime\packing-realtime\exports\ui_packing_plan_20260702_091446.json
