[LOG] 后端日志文件：E:\research_code\zhuang-ui\runtime\packing-realtime\logs\backend_20260707_104254.log
[LOG] 本次结果将输出到：E:\research_code\zhuang-ui\runtime\packing-realtime\exports\ui_packing_plan_20260707_104254.json
[CMD] E:\research_code\zhuang-ui\.venvs\packing-realtime\Scripts\python.exe E:\research_code\zhuang-ui\zhuangxiang_code\code\run_packing.py --config E:\research_code\zhuang-ui\runtime\packing-realtime\temp\ui_config_incremental_20260707_104249.yaml --out E:\research_code\zhuang-ui\runtime\packing-realtime\exports\ui_packing_plan_20260707_104254.json
已加载约束配置：E:\research_code\zhuang-ui\runtime\packing-realtime\temp\ui_config_incremental_20260707_104249.yaml
已启用增量模式，数据文件：E:\research_code\zhuang-ui\zhuangxiang_code\data\ui_inputs\20260707_104249_selected_9000_boxes_9_1_concentrated_3orders.xlsx
数据预处理和箱子分组完成（按托盘类型+销售订单号）。
----------------------------------------
正在处理托盘类型：MH423C，销售订单号：PAIN25450MN01S
  - 该分组不适合列式（多非满柱）→ 回退 beam + 配方优先。
  - 托盘 MH423C-PAIN25450MN01S-25 未找到可行装箱方案，启用剩余箱子守恒兜底。
  - 配方优先[fast]：规划 83 实例，实装成功 78，失败回兜底 5；达标 80，直接采用配方方案（基线未跑，--safe 可审计对比）。
  - 指数诊断：箱子 3040 个，总指数 18184.5，目标 192，理论最多达标托盘 94 个，剩余指数 136.5。
  - 几何诊断：典型整层堆叠单盘参考上限 238/192。
  - 失败托盘互借诊断：跳过高耗时互借重打包。分层 near/mid/deep=1/1/21，默认仅执行低成本局部补洞和快速补齐。
托盘类型 MH423C（销售订单号：PAIN25450MN01S）处理完成：总托盘 103，指数达标 80，未达标 23，平均缺口 69.67，最大缺口 168.00，失败托盘互借修复成功 0。
  - KPI：near/mid/deep=1/1/21，救回率=0.00%，pair效率=0.00%。
  - 耗时拆解：packing=45.35s，main_topup=7.15s，retry=9.33s，failed_pool=1.57s，repack=3.73s，total=65.66s。
正在处理托盘类型：MH423C，销售订单号：PAIN25450MZ06S
  - 该分组不适合列式（多非满柱）→ 回退 beam + 配方优先。
  - 配方优先[fast]：规划 13 实例，实装成功 13，失败回兜底 0；达标 13，直接采用配方方案（基线未跑，--safe 可审计对比）。
  - 指数诊断：箱子 640 个，总指数 4062，目标 192，理论最多达标托盘 21 个，剩余指数 30。
  - 几何诊断：典型整层堆叠单盘参考上限 192/192。
  - 失败托盘互借诊断：跳过高耗时互借重打包。分层 near/mid/deep=0/0/14，默认仅执行低成本局部补洞和快速补齐。
托盘类型 MH423C（销售订单号：PAIN25450MZ06S）处理完成：总托盘 27，指数达标 13，未达标 14，平均缺口 80.14，最大缺口 162.00，失败托盘互借修复成功 0。
  - KPI：near/mid/deep=0/0/14，救回率=0.00%，pair效率=0.00%。
  - 耗时拆解：packing=3.36s，main_topup=0.92s，retry=0.00s，failed_pool=0.36s，repack=0.90s，total=5.19s。
正在处理托盘类型：MH423C，销售订单号：PAIN25460MN01S
  - 该分组不适合列式（多非满柱）→ 回退 beam + 配方优先。
  - 配方优先[fast]：规划 48 实例，实装成功 47，失败回兜底 1；达标 47，直接采用配方方案（基线未跑，--safe 可审计对比）。
  - 指数诊断：箱子 1320 个，总指数 9771，目标 192，理论最多达标托盘 50 个，剩余指数 171。
  - 几何诊断：典型整层堆叠单盘参考上限 192/192。
  - 失败托盘互借诊断：跳过高耗时互借重打包。分层 near/mid/deep=1/2/2，默认仅执行低成本局部补洞和快速补齐。
托盘类型 MH423C（销售订单号：PAIN25460MN01S）处理完成：总托盘 52，指数达标 47，未达标 5，平均缺口 42.60，最大缺口 128.00，失败托盘互借修复成功 0。
  - KPI：near/mid/deep=1/2/2，救回率=0.00%，pair效率=0.00%。
  - 耗时拆解：packing=6.49s，main_topup=0.11s，retry=0.00s，failed_pool=1.33s，repack=1.76s，total=8.38s。
========================================
统计汇总：总托盘 182，指数达标 140，未达标 42，未知 0，平均缺口 69.94，最大缺口 168.00，失败托盘互借修复成功 0
KPI汇总：near/mid/deep=2/3/37，pair尝试=0，pair改进=0，pair效率=0.00%
耗时汇总：packing=55.20s，main_topup=8.19s，retry=9.33s，repack=6.39s，end_to_end=79.30s
========================================
数据预处理和箱子分组完成（按托盘类型+销售订单号）。
----------------------------------------
  - 组内子聚类：1 个混合订单拆出规则子集走 GCP、杂箱走 baseline。
正在处理托盘类型：MH423C，销售订单号：PAIN25450MN01S
  - 该分组不适合列式（多非满柱）→ 回退 beam + 配方优先。
  - 配方优先[fast]：规划 41 实例，实装成功 36，失败回兜底 5；达标 37，直接采用配方方案（基线未跑，--safe 可审计对比）。
  - 指数诊断：箱子 1896 个，总指数 11040.5，目标 192，理论最多达标托盘 57 个，剩余指数 96.5。
  - 几何诊断：典型整层堆叠单盘参考上限 192/192。
  - 失败托盘互借诊断：跳过高耗时互借重打包。分层 near/mid/deep=2/5/24，默认仅执行低成本局部补洞和快速补齐。
托盘类型 MH423C（销售订单号：PAIN25450MN01S）处理完成：总托盘 68，指数达标 37，未达标 31，平均缺口 65.02，最大缺口 174.00，失败托盘互借修复成功 0。
  - KPI：near/mid/deep=2/5/24，救回率=0.00%，pair效率=0.00%。
  - 耗时拆解：packing=68.17s，main_topup=31.02s，retry=15.97s，failed_pool=2.00s，repack=6.45s，total=121.72s。
正在处理托盘类型：MH423C，销售订单号：PAIN25450MZ06S
  - 主算法：全局列式装箱 + 柱级组合优化（GCP）。
托盘类型 MH423C（销售订单号：PAIN25450MZ06S）处理完成：总托盘 39，指数达标 34，未达标 5，平均缺口 75.40，最大缺口 176.00，失败托盘互借修复成功 0。
  - KPI：near/mid/deep=1/2/2，救回率=0.00%，pair效率=0.00%。
  - 耗时拆解：packing=14.66s，main_topup=0.00s，retry=0.00s，failed_pool=0.00s，repack=0.00s，total=14.67s。
正在处理托盘类型：MH423C，销售订单号：PAIN25450MZ06S__SPLITREST__
  - 该分组不适合列式（多非满柱）→ 回退 beam + 配方优先。
  - 配方优先[fast]：规划 0 实例，实装成功 0，配方路径不可用 → 采用基线方案。
  - 指数诊断：箱子 170 个，总指数 1884，目标 192，理论最多达标托盘 9 个，剩余指数 156。
  - 几何诊断：典型整层堆叠单盘参考上限 128/192。 当前目标可能受托盘高度/箱型组合限制。
  - 几何不可达标记：典型整层上限 128 < 目标 192，救援优先压缩托盘数和填充率。
  - 失败托盘互借诊断：跳过高耗时互借重打包。分层 near/mid/deep=0/0/17，默认仅执行低成本局部补洞和快速补齐。
托盘类型 MH423C（销售订单号：PAIN25450MZ06S__SPLITREST__）处理完成：总托盘 17，指数达标 0，未达标 17，平均缺口 81.18，最大缺口 186.00，失败托盘互借修复成功 0。
  - KPI：near/mid/deep=0/0/17，救回率=0.00%，pair效率=0.00%。
  - 耗时拆解：packing=1.37s，main_topup=0.11s，retry=0.00s，failed_pool=0.00s，repack=1.09s，total=2.58s。
正在处理托盘类型：MH423C，销售订单号：PAIN25460MN01S
  - 该分组不适合列式（多非满柱）→ 回退 beam + 配方优先。
  - 配方优先[fast]：规划 54 实例，实装成功 53，失败回兜底 1；达标 54，直接采用配方方案（基线未跑，--safe 可审计对比）。
  - 指数诊断：箱子 1468 个，总指数 11364，目标 192，理论最多达标托盘 59 个，剩余指数 36。
  - 几何诊断：典型整层堆叠单盘参考上限 192/192。
  - 失败托盘互借诊断：跳过高耗时互借重打包。分层 near/mid/deep=0/3/5，默认仅执行低成本局部补洞和快速补齐。
托盘类型 MH423C（销售订单号：PAIN25460MN01S）处理完成：总托盘 62，指数达标 54，未达标 8，平均缺口 67.50，最大缺口 154.00，失败托盘互借修复成功 0。
  - KPI：near/mid/deep=0/3/5，救回率=0.00%，pair效率=0.00%。
  - 耗时拆解：packing=15.49s，main_topup=1.34s，retry=7.60s，failed_pool=1.58s，repack=3.25s，total=27.71s。
========================================
统计汇总：总托盘 186，指数达标 125，未达标 61，未知 0，平均缺口 70.70，最大缺口 186.00，失败托盘互借修复成功 0
KPI汇总：near/mid/deep=3/10/48，pair尝试=0，pair改进=0，pair效率=0.00%
耗时汇总：packing=99.69s，main_topup=32.48s，retry=23.57s，repack=10.79s，end_to_end=166.75s
========================================
增量装箱完成：初始 5000 箱 + 新增 4000 箱 → 总托盘 326，达标 265，未达标 61，用时 248.26s。
方案另存为: E:\research_code\zhuang-ui\runtime\packing-realtime\exports\ui_packing_plan_20260707_104254.json
