[LOG] 后端日志文件：D:\research_code\zhuang-ui\runtime\packing-realtime\logs\backend_20260709_132458.log
[LOG] 本次结果将输出到：D:\research_code\zhuang-ui\runtime\packing-realtime\exports\ui_packing_plan_20260709_132458.json
[CMD] D:\research_code\zhuang-ui\.venvs\packing-realtime\Scripts\python.exe D:\research_code\zhuang-ui\zhuangxiang_code\code\run_packing.py --config D:\research_code\zhuang-ui\runtime\packing-realtime\temp\ui_config_incremental_20260709_132457.yaml --out D:\research_code\zhuang-ui\runtime\packing-realtime\exports\ui_packing_plan_20260709_132458.json
已加载约束配置：D:\research_code\zhuang-ui\runtime\packing-realtime\temp\ui_config_incremental_20260709_132457.yaml
已启用增量模式，数据文件：D:\research_code\zhuang-ui\zhuangxiang_code\data\ui_inputs\20260709_132457_selected_6000_boxes_9_1_concentrated_3orders.xlsx
load D:\research_code\zhuang-ui\.venvs\packing-realtime\Lib\site-packages\ortools\.libs\zlib1.dll...
load D:\research_code\zhuang-ui\.venvs\packing-realtime\Lib\site-packages\ortools\.libs\abseil_dll.dll...
load D:\research_code\zhuang-ui\.venvs\packing-realtime\Lib\site-packages\ortools\.libs\utf8_validity.dll...
load D:\research_code\zhuang-ui\.venvs\packing-realtime\Lib\site-packages\ortools\.libs\re2.dll...
load D:\research_code\zhuang-ui\.venvs\packing-realtime\Lib\site-packages\ortools\.libs\libprotobuf.dll...
load D:\research_code\zhuang-ui\.venvs\packing-realtime\Lib\site-packages\ortools\.libs\highs.dll...
load D:\research_code\zhuang-ui\.venvs\packing-realtime\Lib\site-packages\ortools\.libs\ortools.dll...
数据预处理和箱子分组完成（按托盘类型+销售订单号）。
----------------------------------------
正在处理托盘类型：MH423C，销售订单号：PAIN25450MN01S
  - 该分组不适合列式（多非满柱）→ 回退 beam + 配方优先。
  - 托盘 MH423C-PAIN25450MN01S-25 未找到可行装箱方案，启用剩余箱子守恒兜底。
  - 配方优先[fast]：规划 83 实例，实装成功 78，失败回兜底 5；达标 80，直接采用配方方案（基线未跑，--safe 可审计对比）。
  - 指数诊断：箱子 3040 个，总指数 18184.5，目标 192，理论最多达标托盘 94 个，剩余指数 136.5。
  - 几何诊断：典型整层堆叠单盘参考上限 238/192。
  - 失败托盘互借诊断：跳过高耗时互借重打包。分层 near/mid/deep=1/1/21，默认仅执行低成本局部补洞和快速补齐。
托盘类型 MH423C（销售订单号：PAIN25450MN01S）处理完成：总托盘 103，指数达标 80，未达标 23，平均缺口 69.67，最大缺口 168.00，失败托盘互借修复成功 0。
  - KPI：near/mid/deep=1/1/21，救回率=0.00%，pair效率=0.00%。
  - 耗时拆解：packing=26.62s，main_topup=4.37s，retry=5.85s，failed_pool=0.96s，repack=2.24s，total=39.18s。
正在处理托盘类型：MH423C，销售订单号：PAIN25450MZ06S
  - 该分组不适合列式（多非满柱）→ 回退 beam + 配方优先。
  - 配方优先[fast]：规划 13 实例，实装成功 13，失败回兜底 0；达标 13，直接采用配方方案（基线未跑，--safe 可审计对比）。
  - 指数诊断：箱子 640 个，总指数 4062，目标 192，理论最多达标托盘 21 个，剩余指数 30。
  - 几何诊断：典型整层堆叠单盘参考上限 192/192。
  - 失败托盘互借诊断：跳过高耗时互借重打包。分层 near/mid/deep=0/0/14，默认仅执行低成本局部补洞和快速补齐。
托盘类型 MH423C（销售订单号：PAIN25450MZ06S）处理完成：总托盘 27，指数达标 13，未达标 14，平均缺口 80.14，最大缺口 162.00，失败托盘互借修复成功 0。
  - KPI：near/mid/deep=0/0/14，救回率=0.00%，pair效率=0.00%。
  - 耗时拆解：packing=1.98s，main_topup=0.56s，retry=0.00s，failed_pool=0.22s，repack=0.55s，total=3.10s。
正在处理托盘类型：MH423C，销售订单号：PAIN25460MN01S
  - 该分组不适合列式（多非满柱）→ 回退 beam + 配方优先。
  - 配方优先[fast]：规划 48 实例，实装成功 47，失败回兜底 1；达标 47，直接采用配方方案（基线未跑，--safe 可审计对比）。
  - 指数诊断：箱子 1320 个，总指数 9771，目标 192，理论最多达标托盘 50 个，剩余指数 171。
  - 几何诊断：典型整层堆叠单盘参考上限 192/192。
  - 失败托盘互借诊断：跳过高耗时互借重打包。分层 near/mid/deep=1/2/2，默认仅执行低成本局部补洞和快速补齐。
托盘类型 MH423C（销售订单号：PAIN25460MN01S）处理完成：总托盘 52，指数达标 47，未达标 5，平均缺口 42.60，最大缺口 128.00，失败托盘互借修复成功 0。
  - KPI：near/mid/deep=1/2/2，救回率=0.00%，pair效率=0.00%。
  - 耗时拆解：packing=4.11s，main_topup=0.07s，retry=0.00s，failed_pool=0.83s，repack=1.08s，total=5.27s。
========================================
统计汇总：总托盘 182，指数达标 140，未达标 42，未知 0，平均缺口 69.94，最大缺口 168.00，失败托盘互借修复成功 0
KPI汇总：near/mid/deep=2/3/37，pair尝试=0，pair改进=0，pair效率=0.00%
耗时汇总：packing=32.71s，main_topup=5.00s，retry=5.85s，repack=3.88s，end_to_end=47.58s
========================================
数据预处理和箱子分组完成（按托盘类型+销售订单号）。
----------------------------------------
正在处理托盘类型：MH423C，销售订单号：PAIN25450MN01S
  - 该分组不适合列式（多非满柱）→ 回退 beam + 配方优先。
  - 配方优先[fast]：规划 12 实例，实装成功 9，失败回兜底 3；达标 11，直接采用配方方案（基线未跑，--safe 可审计对比）。
  - 指数诊断：箱子 894 个，总指数 4750，目标 192，理论最多达标托盘 24 个，剩余指数 142。
  - 几何诊断：典型整层堆叠单盘参考上限 192/192。
  - 失败托盘互借诊断：跳过高耗时互借重打包。分层 near/mid/deep=1/1/20，默认仅执行低成本局部补洞和快速补齐。
托盘类型 MH423C（销售订单号：PAIN25450MN01S）处理完成：总托盘 33，指数达标 11，未达标 22，平均缺口 72.09，最大缺口 180.00，失败托盘互借修复成功 0。
  - KPI：near/mid/deep=1/1/20，救回率=0.00%，pair效率=0.00%。
  - 耗时拆解：packing=15.48s，main_topup=3.62s，retry=5.98s，failed_pool=0.80s，repack=1.80s，total=26.90s。
正在处理托盘类型：MH423C，销售订单号：PAIN25450MZ06S
  - 该分组不适合列式（多非满柱）→ 回退 beam + 配方优先。
  - 配方优先[fast]：规划 14 实例，实装成功 14，失败回兜底 0；达标 14，直接采用配方方案（基线未跑，--safe 可审计对比）。
  - 指数诊断：箱子 517 个，总指数 3238，目标 192，理论最多达标托盘 16 个，剩余指数 166。
  - 几何诊断：典型整层堆叠单盘参考上限 192/192。
  - 失败托盘互借诊断：跳过高耗时互借重打包。分层 near/mid/deep=0/0/8，默认仅执行低成本局部补洞和快速补齐。
托盘类型 MH423C（销售订单号：PAIN25450MZ06S）处理完成：总托盘 22，指数达标 14，未达标 8，平均缺口 123.25，最大缺口 153.00，失败托盘互借修复成功 0。
  - KPI：near/mid/deep=0/0/8，救回率=0.00%，pair效率=0.00%。
  - 耗时拆解：packing=3.11s，main_topup=1.84s，retry=0.00s，failed_pool=3.37s，repack=3.38s，total=8.33s。
正在处理托盘类型：MH423C，销售订单号：PAIN25460MN01S
  - 该分组不适合列式（多非满柱）→ 回退 beam + 配方优先。
  - 配方优先[fast]：规划 8 实例，实装成功 8，失败回兜底 0；达标 8，直接采用配方方案（基线未跑，--safe 可审计对比）。
  - 指数诊断：箱子 469 个，总指数 5339，目标 192，理论最多达标托盘 27 个，剩余指数 155。
  - 几何诊断：典型整层堆叠单盘参考上限 192/192。
  - 失败托盘互借诊断：跳过高耗时互借重打包。分层 near/mid/deep=10/1/14，默认仅执行低成本局部补洞和快速补齐。
托盘类型 MH423C（销售订单号：PAIN25460MN01S）处理完成：总托盘 33，指数达标 8，未达标 25，平均缺口 39.88，最大缺口 80.00，失败托盘互借修复成功 0。
  - KPI：near/mid/deep=10/1/14，救回率=0.00%，pair效率=0.00%。
  - 耗时拆解：packing=2.64s，main_topup=0.57s，retry=0.00s，failed_pool=0.35s，repack=1.39s，total=4.61s。
========================================
统计汇总：总托盘 88，指数达标 33，未达标 55，未知 0，平均缺口 64.89，最大缺口 180.00，失败托盘互借修复成功 0
KPI汇总：near/mid/deep=11/2/42，pair尝试=0，pair改进=0，pair效率=0.00%
耗时汇总：packing=21.22s，main_topup=6.02s，retry=5.98s，repack=6.56s，end_to_end=39.85s
========================================
增量装箱完成：初始 5000 箱 + 新增 1000 箱 → 总托盘 228，达标 173，未达标 55，用时 88.16s。
方案另存为: D:\research_code\zhuang-ui\runtime\packing-realtime\exports\ui_packing_plan_20260709_132458.json
