[LOG] 后端日志文件：E:\Homework\AA装箱\装箱和可视化\zhuang-ui\runtime\packing-realtime\logs\backend_20260710_233236.log
[LOG] 接口模式：后端将每 200 秒拉取接口并自动装箱，直到点击停止。
[CMD] E:\Homework\AA装箱\装箱和可视化\zhuang-ui\.venvs\packing-realtime\Scripts\python.exe E:\Homework\AA装箱\装箱和可视化\zhuang-ui\zhuangxiang_code\code\run_packing.py --config E:\Homework\AA装箱\装箱和可视化\zhuang-ui\runtime\packing-realtime\temp\ui_config_api_20260710_233235.yaml --api
[API] 已从参考 Excel 加载托盘尺寸映射：{'MH423C': {'length': 1440.0, 'width': 2240.0, 'height': 720.0}}
load E:\Homework\AA装箱\装箱和可视化\zhuang-ui\.venvs\packing-realtime\Lib\site-packages\ortools\.libs\zlib1.dll...
load E:\Homework\AA装箱\装箱和可视化\zhuang-ui\.venvs\packing-realtime\Lib\site-packages\ortools\.libs\abseil_dll.dll...
load E:\Homework\AA装箱\装箱和可视化\zhuang-ui\.venvs\packing-realtime\Lib\site-packages\ortools\.libs\utf8_validity.dll...
load E:\Homework\AA装箱\装箱和可视化\zhuang-ui\.venvs\packing-realtime\Lib\site-packages\ortools\.libs\re2.dll...
load E:\Homework\AA装箱\装箱和可视化\zhuang-ui\.venvs\packing-realtime\Lib\site-packages\ortools\.libs\libprotobuf.dll...
load E:\Homework\AA装箱\装箱和可视化\zhuang-ui\.venvs\packing-realtime\Lib\site-packages\ortools\.libs\highs.dll...
load E:\Homework\AA装箱\装箱和可视化\zhuang-ui\.venvs\packing-realtime\Lib\site-packages\ortools\.libs\ortools.dll...
============================================================
装箱服务（接口模式，持续运行）
  下载间隔: 200 秒
  库存接口: POST https://3c3758c8-755a-499e-b580-76afda706e5e.mock.pstmn.io/adaptor/api/wcs/reqstockinfo
  输入目录: E:\Homework\AA装箱\装箱和可视化\zhuang-ui\zhuangxiang_code\code\input
  输出目录: E:\Homework\AA装箱\装箱和可视化\zhuang-ui\zhuangxiang_code\output
  BMS 参考: E:\Homework\AA装箱\装箱和可视化\zhuang-ui\zhuangxiang_code\data\668箱子数据集.xlsx
  按 Ctrl+C 或由 UI 停止按钮结束进程
============================================================
[下载线程] 启动，每 200 秒请求一次接口...
[下载] 请求接口: POST https://3c3758c8-755a-499e-b580-76afda706e5e.mock.pstmn.io/adaptor/api/wcs/reqstockinfo
[处理线程] 启动，等待 input/ 目录中出现 JSON 文件...
[下载] 错误: HTTPSConnectionPool(host='3c3758c8-755a-499e-b580-76afda706e5e.mock.pstmn.io', port=443): Max retries exceeded with url: /adaptor/api/wcs/reqstockinfo (Caused by SSLError(SSLEOFError(8, '[SSL: UNEXPECTED_EOF_WHILE_READING] EOF occurred in violation of protocol (_ssl.c:1000)')))
[下载] 请求接口: POST https://3c3758c8-755a-499e-b580-76afda706e5e.mock.pstmn.io/adaptor/api/wcs/reqstockinfo
[下载] 错误: HTTPSConnectionPool(host='3c3758c8-755a-499e-b580-76afda706e5e.mock.pstmn.io', port=443): Max retries exceeded with url: /adaptor/api/wcs/reqstockinfo (Caused by SSLError(SSLEOFError(8, '[SSL: UNEXPECTED_EOF_WHILE_READING] EOF occurred in violation of protocol (_ssl.c:1000)')))
[UI] 接口装箱服务已停止。
