[LOG] 后端日志文件：D:\research_code\zhuang-ui-m\runtime\packing-realtime\logs\backend_20260717_231928.log
[LOG] 本次结果将输出到：D:\research_code\zhuang-ui-m\runtime\packing-realtime\exports\ui_packing_plan_20260717_231928.json
[CMD] D:\research_code\zhuang-ui-m\.venvs\packing-realtime\python.exe D:\research_code\zhuang-ui-m\zhuangxiang_code\code\run_packing.py --config D:\research_code\zhuang-ui-m\runtime\packing-realtime\temp\ui_config_normal_20260717_231925.yaml --out D:\research_code\zhuang-ui-m\runtime\packing-realtime\exports\ui_packing_plan_20260717_231928.json
已加载约束配置：D:\research_code\zhuang-ui-m\runtime\packing-realtime\temp\ui_config_normal_20260717_231925.yaml
load D:\research_code\zhuang-ui-m\.venvs\packing-realtime\Lib\site-packages\ortools\.libs\zlib1.dll...
load D:\research_code\zhuang-ui-m\.venvs\packing-realtime\Lib\site-packages\ortools\.libs\abseil_dll.dll...
load D:\research_code\zhuang-ui-m\.venvs\packing-realtime\Lib\site-packages\ortools\.libs\utf8_validity.dll...
load D:\research_code\zhuang-ui-m\.venvs\packing-realtime\Lib\site-packages\ortools\.libs\re2.dll...
load D:\research_code\zhuang-ui-m\.venvs\packing-realtime\Lib\site-packages\ortools\.libs\libprotobuf.dll...
load D:\research_code\zhuang-ui-m\.venvs\packing-realtime\Lib\site-packages\ortools\.libs\highs.dll...
load D:\research_code\zhuang-ui-m\.venvs\packing-realtime\Lib\site-packages\ortools\.libs\ortools.dll...
已加载配置数据集：D:\research_code\zhuang-ui-m\zhuangxiang_code\data\ui_inputs\20260717_231925_selected_5000_boxes_9_1_concentrated_3orders.xlsx
检测到小箱子体积阈值: 11130000.00 mm^3
小箱子数量: 53，非小箱子数量: 4947
数据预处理和箱子分组完成（按托盘类型+销售订单号）。
----------------------------------------
正在处理托盘类型：MH423C，销售订单号：PAIN25450MN01S
  - 该分组不适合列式（多非满柱）→ 回退 beam + 配方优先。
  - 配方优先[fast]：规划 83 实例，实装成功 78，失败回兜底 5；达标 80，直接采用配方方案（基线未跑，--safe 可审计对比）。
  - 指数诊断：箱子 3040 个，总指数 18184.5，目标 192，理论最多达标托盘 94 个，剩余指数 136.5。
  - 几何诊断：典型整层堆叠单盘参考上限 238/192。
  - 失败托盘互借修复（凑标提交）：新增达标 1，受影响 7 盘重排为 8 盘（其余失败盘未动），耗时 9.3s。
  - 失败托盘互借修复：18 盘(平均填充 67%) 合并重装为 18 盘(平均填充 67%)，新增达标 1，耗时 23.2s。
  - 失败盘装满压实：合并/吸收 1 次（纯减盘数）。
  - 指数再分配诊断：未接受（extraction_below_baseline）。
托盘类型 MH423C（销售订单号：PAIN25450MN01S）处理完成：总托盘 98，指数达标 82，未达标 16，平均缺口 41.34，最大缺口 68.00，失败托盘互借修复成功 2。
  - KPI：near/mid/deep=0/2/14，救回率=12.50%，pair效率=0.00%。
  - 耗时拆解：packing=29.07s，main_topup=1.82s，retry=4.47s，failed_pool=1.15s，repack=40.04s，total=75.46s。
正在处理托盘类型：MH423C，销售订单号：PAIN25450MZ06S
  - 该分组不适合列式（多非满柱）→ 回退 beam + 配方优先。
  - 配方优先[fast]：规划 13 实例，实装成功 13，失败回兜底 0；达标 13，直接采用配方方案（基线未跑，--safe 可审计对比）。
  - 指数诊断：箱子 640 个，总指数 4062，目标 192，理论最多达标托盘 21 个，剩余指数 30。
  - 几何诊断：典型整层堆叠单盘参考上限 192/192。
  - 失败托盘互借诊断：未合并（aborted_no_improvement_possible）。
托盘类型 MH423C（销售订单号：PAIN25450MZ06S）处理完成：总托盘 26，指数达标 13，未达标 13，平均缺口 71.54，最大缺口 120.00，失败托盘互借修复成功 0。
  - KPI：near/mid/deep=0/1/12，救回率=0.00%，pair效率=0.00%。
  - 耗时拆解：packing=1.52s，main_topup=0.12s，retry=0.00s，failed_pool=0.28s，repack=6.30s，total=7.95s。
正在处理托盘类型：MH423C，销售订单号：PAIN25460MN01S
  - 该分组不适合列式（多非满柱）→ 回退 beam + 配方优先。
  - 配方优先[fast]：规划 48 实例，实装成功 47，失败回兜底 1；达标 48，直接采用配方方案（基线未跑，--safe 可审计对比）。
  - 指数诊断：箱子 1320 个，总指数 9771，目标 192，理论最多达标托盘 50 个，剩余指数 171。
  - 几何诊断：典型整层堆叠单盘参考上限 192/192。
  - 失败托盘互借诊断：未合并（aborted_no_improvement_possible）。
  - 指数再分配诊断：未接受（no_planned_gain）。
托盘类型 MH423C（销售订单号：PAIN25460MN01S）处理完成：总托盘 52，指数达标 48，未达标 4，平均缺口 54.25，最大缺口 135.00，失败托盘互借修复成功 0。
  - KPI：near/mid/deep=0/2/2，救回率=0.00%，pair效率=0.00%。
  - 耗时拆解：packing=4.51s，main_topup=0.02s，retry=0.00s，failed_pool=2.40s，repack=6.03s，total=10.57s。
========================================
统计汇总：总托盘 176，指数达标 143，未达标 33，未知 0，平均缺口 54.80，最大缺口 135.00，失败托盘互借修复成功 2
KPI汇总：near/mid/deep=0/5/28，pair尝试=0，pair改进=0，pair效率=0.00%
耗时汇总：packing=35.10s，main_topup=1.95s，retry=4.47s，repack=52.37s，end_to_end=98.45s
========================================
========================================
最终装箱方案已保存至：D:\research_code\zhuang-ui-m\zhuangxiang_code\output\packing_plan_20260717_232107.json
托盘统计Excel已保存至：D:\research_code\zhuang-ui-m\zhuangxiang_code\output\packing_plan_summary_20260717_232107.xlsx
========================================
算法总运行时间：98.45 秒
========================================
方案另存为: D:\research_code\zhuang-ui-m\runtime\packing-realtime\exports\ui_packing_plan_20260717_231928.json
