[LOG] 后端日志文件：E:\Homework\AA装箱\A装箱和可视化\zhuang-ui\runtime\packing-realtime\logs\backend_20260712_223006.log
[LOG] 接口模式：后端将每 200 秒拉取接口并自动装箱，直到点击停止。
[CMD] D:\ProgramData\anaconda3\python.exe E:\Homework\AA装箱\A装箱和可视化\zhuang-ui\zhuangxiang_code\code\run_wcs_service.py --config E:\Homework\AA装箱\A装箱和可视化\zhuang-ui\runtime\packing-realtime\temp\ui_config_api_20260712_223006.yaml
[WCS] 已加载 BMS 参考表：E:\Homework\AA装箱\A装箱和可视化\zhuang-ui\zhuangxiang_code\data\selected_5000_boxes_9_1_concentrated_3orders.xlsx
============================================================
WCS 接口装箱服务（常驻模式）
  接口地址：https://3c3758c8-755a-499e-b580-76afda706e5e.mock.pstmn.io
  拉取间隔：200 秒
  库存目录：E:\Homework\AA装箱\A装箱和可视化\zhuang-ui\zhuangxiang_code\code\input
  输出目录：E:\Homework\AA装箱\A装箱和可视化\zhuang-ui\zhuangxiang_code\output
  BMS 参考：E:\Homework\AA装箱\A装箱和可视化\zhuang-ui\zhuangxiang_code\data\selected_5000_boxes_9_1_concentrated_3orders.xlsx
  约束配置：E:\Homework\AA装箱\A装箱和可视化\zhuang-ui\runtime\packing-realtime\temp\ui_config_api_20260712_223006.yaml
  按 Ctrl+C 或由 UI 停止按钮结束进程
============================================================
[WCS] 已加载 BMS 参考表：E:\Homework\AA装箱\A装箱和可视化\zhuang-ui\zhuangxiang_code\data\selected_5000_boxes_9_1_concentrated_3orders.xlsx
============================================================
[WCS] 第 20260712_223016 轮：拉取接口 1 …
[WCS] 接口 1 原始响应已保存：E:\Homework\AA装箱\A装箱和可视化\zhuang-ui\zhuangxiang_code\code\input\20260712_223016.json
[WCS] 库存品类数：32
[WCS] 展开为 623 个箱子。
数据预处理和箱子分组完成（按托盘类型+销售订单号）。
----------------------------------------
正在处理托盘类型：MH423C，销售订单号：PAIN25450MN01S
  - 该分组不适合列式（多非满柱）→ 回退 beam + 配方优先。
  - 配方优先[fast]：规划 7 实例，实装成功 7，失败回兜底 0；达标 7，直接采用配方方案（基线未跑，--safe 可审计对比）。
  - 指数诊断：箱子 553 个，总指数 3794，目标 192，理论最多达标托盘 19 个，剩余指数 146。
  - 几何诊断：典型整层堆叠单盘参考上限 192/192。
