[LOG] 后端日志文件：D:\research_code\zhuang-ui\runtime\packing-realtime\logs\backend_20260709_124620.log
[LOG] 本次结果将输出到：D:\research_code\zhuang-ui\runtime\packing-realtime\exports\ui_packing_plan_20260709_124620.json
[CMD] D:\research_code\zhuang-ui\.venvs\packing-realtime\Scripts\python.exe D:\research_code\zhuang-ui\zhuangxiang_code\code\run_packing.py --config D:\research_code\zhuang-ui\runtime\packing-realtime\temp\ui_config_normal_20260709_124619.yaml --out D:\research_code\zhuang-ui\runtime\packing-realtime\exports\ui_packing_plan_20260709_124620.json
已加载约束配置：D:\research_code\zhuang-ui\runtime\packing-realtime\temp\ui_config_normal_20260709_124619.yaml
load D:\research_code\zhuang-ui\.venvs\packing-realtime\Lib\site-packages\ortools\.libs\zlib1.dll...
load D:\research_code\zhuang-ui\.venvs\packing-realtime\Lib\site-packages\ortools\.libs\abseil_dll.dll...
load D:\research_code\zhuang-ui\.venvs\packing-realtime\Lib\site-packages\ortools\.libs\utf8_validity.dll...
load D:\research_code\zhuang-ui\.venvs\packing-realtime\Lib\site-packages\ortools\.libs\re2.dll...
load D:\research_code\zhuang-ui\.venvs\packing-realtime\Lib\site-packages\ortools\.libs\libprotobuf.dll...
load D:\research_code\zhuang-ui\.venvs\packing-realtime\Lib\site-packages\ortools\.libs\highs.dll...
load D:\research_code\zhuang-ui\.venvs\packing-realtime\Lib\site-packages\ortools\.libs\ortools.dll...
已加载配置数据集：D:\research_code\zhuang-ui\zhuangxiang_code\data\ui_inputs\20260709_124619_selected_5000_boxes_9_1_concentrated_3orders.xlsx
检测到小箱子体积阈值: 11130000.00 mm^3
小箱子数量: 53，非小箱子数量: 4947
数据预处理和箱子分组完成（按托盘类型+销售订单号）。
----------------------------------------
正在处理托盘类型：MH423C，销售订单号：PAIN25450MN01S
  - 该分组不适合列式（多非满柱）→ 回退 beam + 配方优先。
  - 配方优先[fast]：规划 83 实例，实装成功 78，失败回兜底 5；达标 80，直接采用配方方案（基线未跑，--safe 可审计对比）。
  - 指数诊断：箱子 3040 个，总指数 18184.5，目标 192，理论最多达标托盘 94 个，剩余指数 136.5。
  - 几何诊断：典型整层堆叠单盘参考上限 238/192。
  - 失败托盘互借诊断：跳过高耗时互借重打包。分层 near/mid/deep=1/2/20，默认仅执行低成本局部补洞和快速补齐。
托盘类型 MH423C（销售订单号：PAIN25450MN01S）处理完成：总托盘 103，指数达标 80，未达标 23，平均缺口 69.67，最大缺口 176.50，失败托盘互借修复成功 0。
  - KPI：near/mid/deep=1/2/20，救回率=0.00%，pair效率=0.00%。
  - 耗时拆解：packing=31.79s，main_topup=6.21s，retry=7.90s，failed_pool=1.16s，repack=3.71s，total=49.67s。
正在处理托盘类型：MH423C，销售订单号：PAIN25450MZ06S
  - 该分组不适合列式（多非满柱）→ 回退 beam + 配方优先。
  - 配方优先[fast]：规划 13 实例，实装成功 13，失败回兜底 0；达标 13，直接采用配方方案（基线未跑，--safe 可审计对比）。
  - 指数诊断：箱子 640 个，总指数 4062，目标 192，理论最多达标托盘 21 个，剩余指数 30。
  - 几何诊断：典型整层堆叠单盘参考上限 192/192。
  - 失败托盘互借诊断：跳过高耗时互借重打包。分层 near/mid/deep=0/1/13，默认仅执行低成本局部补洞和快速补齐。
托盘类型 MH423C（销售订单号：PAIN25450MZ06S）处理完成：总托盘 27，指数达标 13，未达标 14，平均缺口 80.14，最大缺口 174.00，失败托盘互借修复成功 0。
  - KPI：near/mid/deep=0/1/13，救回率=0.00%，pair效率=0.00%。
  - 耗时拆解：packing=1.50s，main_topup=0.54s，retry=0.00s，failed_pool=0.26s，repack=2.20s，total=4.25s。
正在处理托盘类型：MH423C，销售订单号：PAIN25460MN01S
  - 该分组不适合列式（多非满柱）→ 回退 beam + 配方优先。
  - 配方优先[fast]：规划 48 实例，实装成功 47，失败回兜底 1；达标 48，直接采用配方方案（基线未跑，--safe 可审计对比）。
  - 指数诊断：箱子 1320 个，总指数 9771，目标 192，理论最多达标托盘 50 个，剩余指数 171。
  - 几何诊断：典型整层堆叠单盘参考上限 192/192。
  - 失败托盘互借诊断：跳过高耗时互借重打包。分层 near/mid/deep=0/2/2，默认仅执行低成本局部补洞和快速补齐。
托盘类型 MH423C（销售订单号：PAIN25460MN01S）处理完成：总托盘 52，指数达标 48，未达标 4，平均缺口 53.50，最大缺口 132.00，失败托盘互借修复成功 0。
  - KPI：near/mid/deep=0/2/2，救回率=0.00%，pair效率=0.00%。
  - 耗时拆解：packing=4.27s，main_topup=0.13s，retry=0.00s，failed_pool=2.20s，repack=2.39s，total=6.79s。
========================================
统计汇总：总托盘 182，指数达标 141，未达标 41，未知 0，平均缺口 71.67，最大缺口 176.50，失败托盘互借修复成功 0
KPI汇总：near/mid/deep=1/5/35，pair尝试=0，pair改进=0，pair效率=0.00%
耗时汇总：packing=37.56s，main_topup=6.88s，retry=7.90s，repack=8.30s，end_to_end=65.43s
========================================
========================================
最终装箱方案已保存至：D:\research_code\zhuang-ui\zhuangxiang_code\output\packing_plan_20260709_124726.json
托盘统计Excel已保存至：D:\research_code\zhuang-ui\zhuangxiang_code\output\packing_plan_summary_20260709_124726.xlsx
========================================
算法总运行时间：65.43 秒
========================================
方案另存为: D:\research_code\zhuang-ui\runtime\packing-realtime\exports\ui_packing_plan_20260709_124620.json
