[LOG] 后端日志文件：D:\research_code\zhuang-ui\runtime\packing-realtime\logs\backend_20260708_142708.log
[LOG] 本次结果将输出到：D:\research_code\zhuang-ui\runtime\packing-realtime\exports\ui_packing_plan_20260708_142708.json
[CMD] D:\research_code\zhuang-ui\.venvs\packing-realtime\Scripts\python.exe D:\research_code\zhuang-ui\zhuangxiang_code\code\run_packing.py --config D:\research_code\zhuang-ui\runtime\packing-realtime\temp\ui_config_incremental_20260708_142707.yaml --out D:\research_code\zhuang-ui\runtime\packing-realtime\exports\ui_packing_plan_20260708_142708.json
已加载约束配置：D:\research_code\zhuang-ui\runtime\packing-realtime\temp\ui_config_incremental_20260708_142707.yaml
已启用增量模式，数据文件：D:\research_code\zhuang-ui\zhuangxiang_code\data\ui_inputs\20260708_142707_selected_10000_boxes_9_1_concentrated_3orders.xlsx
load D:\research_code\zhuang-ui\.venvs\packing-realtime\Lib\site-packages\ortools\.libs\zlib1.dll...
load D:\research_code\zhuang-ui\.venvs\packing-realtime\Lib\site-packages\ortools\.libs\abseil_dll.dll...
load D:\research_code\zhuang-ui\.venvs\packing-realtime\Lib\site-packages\ortools\.libs\utf8_validity.dll...
load D:\research_code\zhuang-ui\.venvs\packing-realtime\Lib\site-packages\ortools\.libs\re2.dll...
load D:\research_code\zhuang-ui\.venvs\packing-realtime\Lib\site-packages\ortools\.libs\libprotobuf.dll...
load D:\research_code\zhuang-ui\.venvs\packing-realtime\Lib\site-packages\ortools\.libs\highs.dll...
load D:\research_code\zhuang-ui\.venvs\packing-realtime\Lib\site-packages\ortools\.libs\ortools.dll...
数据预处理和箱子分组完成（按托盘类型+销售订单号）。
----------------------------------------
正在处理托盘类型：MH423C，销售订单号：PAIN25450MN01S
  - 该分组不适合列式（多非满柱）→ 回退 beam + 配方优先。
  - 托盘 MH423C-PAIN25450MN01S-25 未找到可行装箱方案，启用剩余箱子守恒兜底。
  - 配方优先[fast]：规划 83 实例，实装成功 78，失败回兜底 5；达标 80，直接采用配方方案（基线未跑，--safe 可审计对比）。
  - 指数诊断：箱子 3040 个，总指数 18184.5，目标 192，理论最多达标托盘 94 个，剩余指数 136.5。
  - 几何诊断：典型整层堆叠单盘参考上限 238/192。
  - 失败托盘互借诊断：跳过高耗时互借重打包。分层 near/mid/deep=1/1/21，默认仅执行低成本局部补洞和快速补齐。
托盘类型 MH423C（销售订单号：PAIN25450MN01S）处理完成：总托盘 103，指数达标 80，未达标 23，平均缺口 69.67，最大缺口 168.00，失败托盘互借修复成功 0。
  - KPI：near/mid/deep=1/1/21，救回率=0.00%，pair效率=0.00%。
  - 耗时拆解：packing=26.54s，main_topup=4.38s，retry=5.90s，failed_pool=0.98s，repack=2.28s，total=39.21s。
正在处理托盘类型：MH423C，销售订单号：PAIN25450MZ06S
  - 该分组不适合列式（多非满柱）→ 回退 beam + 配方优先。
  - 配方优先[fast]：规划 13 实例，实装成功 13，失败回兜底 0；达标 13，直接采用配方方案（基线未跑，--safe 可审计对比）。
  - 指数诊断：箱子 640 个，总指数 4062，目标 192，理论最多达标托盘 21 个，剩余指数 30。
  - 几何诊断：典型整层堆叠单盘参考上限 192/192。
  - 失败托盘互借诊断：跳过高耗时互借重打包。分层 near/mid/deep=0/0/14，默认仅执行低成本局部补洞和快速补齐。
托盘类型 MH423C（销售订单号：PAIN25450MZ06S）处理完成：总托盘 27，指数达标 13，未达标 14，平均缺口 80.14，最大缺口 162.00，失败托盘互借修复成功 0。
  - KPI：near/mid/deep=0/0/14，救回率=0.00%，pair效率=0.00%。
  - 耗时拆解：packing=1.96s，main_topup=0.55s，retry=0.00s，failed_pool=0.21s，repack=0.53s，total=3.04s。
正在处理托盘类型：MH423C，销售订单号：PAIN25460MN01S
  - 该分组不适合列式（多非满柱）→ 回退 beam + 配方优先。
  - 配方优先[fast]：规划 48 实例，实装成功 47，失败回兜底 1；达标 47，直接采用配方方案（基线未跑，--safe 可审计对比）。
  - 指数诊断：箱子 1320 个，总指数 9771，目标 192，理论最多达标托盘 50 个，剩余指数 171。
  - 几何诊断：典型整层堆叠单盘参考上限 192/192。
  - 失败托盘互借诊断：跳过高耗时互借重打包。分层 near/mid/deep=1/2/2，默认仅执行低成本局部补洞和快速补齐。
托盘类型 MH423C（销售订单号：PAIN25460MN01S）处理完成：总托盘 52，指数达标 47，未达标 5，平均缺口 42.60，最大缺口 128.00，失败托盘互借修复成功 0。
  - KPI：near/mid/deep=1/2/2，救回率=0.00%，pair效率=0.00%。
  - 耗时拆解：packing=4.07s，main_topup=0.07s，retry=0.00s，failed_pool=0.84s，repack=1.10s，total=5.25s。
========================================
统计汇总：总托盘 182，指数达标 140，未达标 42，未知 0，平均缺口 69.94，最大缺口 168.00，失败托盘互借修复成功 0
KPI汇总：near/mid/deep=2/3/37，pair尝试=0，pair改进=0，pair效率=0.00%
耗时汇总：packing=32.57s，main_topup=5.00s，retry=5.90s，repack=3.91s，end_to_end=47.54s
========================================
数据预处理和箱子分组完成（按托盘类型+销售订单号）。
----------------------------------------
  - 组内子聚类：1 个混合订单拆出规则子集走 GCP、杂箱走 baseline。
正在处理托盘类型：MH423C，销售订单号：PAIN25450MN01S
  - 该分组不适合列式（多非满柱）→ 回退 beam + 配方优先。
  - 托盘 MH423C-PAIN25450MN01S-27 未找到可行装箱方案，启用剩余箱子守恒兜底。
  - 配方优先[fast]：规划 50 实例，实装成功 47，失败回兜底 3；达标 47，直接采用配方方案（基线未跑，--safe 可审计对比）。
  - 指数诊断：箱子 2230 个，总指数 13127，目标 192，理论最多达标托盘 68 个，剩余指数 71。
  - 几何诊断：典型整层堆叠单盘参考上限 192/192。
  - 失败托盘互借诊断：跳过高耗时互借重打包。分层 near/mid/deep=1/5/30，默认仅执行低成本局部补洞和快速补齐。
托盘类型 MH423C（销售订单号：PAIN25450MN01S）处理完成：总托盘 83，指数达标 47，未达标 36，平均缺口 78.03，最大缺口 180.00，失败托盘互借修复成功 0。
  - KPI：near/mid/deep=1/5/30，救回率=0.00%，pair效率=0.00%。
  - 耗时拆解：packing=34.47s，main_topup=23.98s，retry=0.00s，failed_pool=79.64s，repack=79.73s，total=141.47s。
正在处理托盘类型：MH423C，销售订单号：PAIN25450MZ06S
  - 主算法：全局列式装箱 + 柱级组合优化（GCP）。
托盘类型 MH423C（销售订单号：PAIN25450MZ06S）处理完成：总托盘 48，指数达标 45，未达标 3，平均缺口 115.00，最大缺口 152.00，失败托盘互借修复成功 0。
  - KPI：near/mid/deep=0/0/3，救回率=0.00%，pair效率=0.00%。
  - 耗时拆解：packing=6.85s，main_topup=0.00s，retry=0.00s，failed_pool=0.00s，repack=0.00s，total=6.85s。
正在处理托盘类型：MH423C，销售订单号：PAIN25450MZ06S__SPLITREST__
  - 该分组不适合列式（多非满柱）→ 回退 beam + 配方优先。
  - 配方优先[fast]：规划 0 实例，实装成功 0，配方路径不可用 → 采用基线方案。
  - 指数诊断：箱子 170 个，总指数 1884，目标 192，理论最多达标托盘 9 个，剩余指数 156。
  - 几何诊断：典型整层堆叠单盘参考上限 128/192。 当前目标可能受托盘高度/箱型组合限制。
  - 几何不可达标记：典型整层上限 128 < 目标 192，救援优先压缩托盘数和填充率。
  - 失败托盘互借诊断：跳过高耗时互借重打包。分层 near/mid/deep=0/0/17，默认仅执行低成本局部补洞和快速补齐。
托盘类型 MH423C（销售订单号：PAIN25450MZ06S__SPLITREST__）处理完成：总托盘 17，指数达标 0，未达标 17，平均缺口 81.18，最大缺口 186.00，失败托盘互借修复成功 0。
  - KPI：near/mid/deep=0/0/17，救回率=0.00%，pair效率=0.00%。
  - 耗时拆解：packing=0.82s，main_topup=0.06s，retry=0.00s，failed_pool=0.00s，repack=0.68s，total=1.57s。
正在处理托盘类型：MH423C，销售订单号：PAIN25460MN01S
  - 该分组不适合列式（多非满柱）→ 回退 beam + 配方优先。
  - 配方优先[fast]：规划 63 实例，实装成功 62，失败回兜底 1；达标 63，直接采用配方方案（基线未跑，--safe 可审计对比）。
  - 指数诊断：箱子 1801 个，总指数 14182，目标 192，理论最多达标托盘 73 个，剩余指数 166。
  - 几何诊断：典型整层堆叠单盘参考上限 192/192。
  - 失败托盘互借诊断：跳过高耗时互借重打包。分层 near/mid/deep=7/3/3，默认仅执行低成本局部补洞和快速补齐。
托盘类型 MH423C（销售订单号：PAIN25460MN01S）处理完成：总托盘 76，指数达标 63，未达标 13，平均缺口 31.54，最大缺口 166.50，失败托盘互借修复成功 0。
  - KPI：near/mid/deep=7/3/3，救回率=0.00%，pair效率=0.00%。
  - 耗时拆解：packing=11.40s，main_topup=1.78s，retry=0.00s，failed_pool=1.10s，repack=2.68s，total=15.89s。
========================================
统计汇总：总托盘 224，指数达标 155，未达标 69，未知 0，平均缺口 71.65，最大缺口 186.00，失败托盘互借修复成功 0
KPI汇总：near/mid/deep=8/8/53，pair尝试=0，pair改进=0，pair效率=0.00%
耗时汇总：packing=53.54s，main_topup=25.82s，retry=0.00s，repack=83.09s，end_to_end=165.83s
========================================
增量装箱完成：初始 5000 箱 + 新增 5000 箱 → 总托盘 364，达标 295，未达标 69，用时 214.84s。
方案另存为: D:\research_code\zhuang-ui\runtime\packing-realtime\exports\ui_packing_plan_20260708_142708.json
